app/build/intermediates/manifest_merge_blame_file/debug/manifest-merger-blame-debug-report.txt
1<?xml version="1.0" encoding="utf-8"?>
2<manifest xmlns:android="http://schemas.android.com/apk/res/android"
3    package="com.example.shopnextdoor"
4    android:versionCode="1"
5    android:versionName="1.0" >
6
7    <uses-sdk
8        android:minSdkVersion="23"
8-->src\main\AndroidManifest.xml
9        android:targetSdkVersion="29" />
9-->src\main\AndroidManifest.xml
10
11    <uses-permission android:name="android.permission.INTERNET" />
11-->src\main\AndroidManifest.xml:6:5-67
11-->src\main\AndroidManifest.xml:6:22-64
12    <uses-permission android:name="android.permission.ACCESS_NETWORK_STATE" />
12-->[com.google.firebase:firebase-iid:17.0.4] AndroidManifest.xml:22:5-79
12-->[com.google.firebase:firebase-iid:17.0.4] AndroidManifest.xml:22:22-76
13    <uses-permission android:name="android.permission.WAKE_LOCK" /> <!-- Required by older versions of Google Play services to create IID tokens -->
13-->[com.google.firebase:firebase-iid:17.0.4] AndroidManifest.xml:24:5-68
13-->[com.google.firebase:firebase-iid:17.0.4] AndroidManifest.xml:24:22-65
14    <uses-permission android:name="com.google.android.c2dm.permission.RECEIVE" />
14-->[com.google.firebase:firebase-iid:17.0.4] AndroidManifest.xml:26:5-82
14-->[com.google.firebase:firebase-iid:17.0.4] AndroidManifest.xml:26:22-79
15
16    <application
16-->src\main\AndroidManifest.xml:8:5-40:19
17        android:allowBackup="true"
17-->src\main\AndroidManifest.xml:9:9-35
18        android:appComponentFactory="android.support.v4.app.CoreComponentFactory"
18-->[com.android.support:support-compat:28.0.0] AndroidManifest.xml:22:18-91
19        android:debuggable="true"
20        android:extractNativeLibs="false"
21        android:icon="@mipmap/app_icon"
21-->src\main\AndroidManifest.xml:10:9-40
22        android:label="@string/app_name"
22-->src\main\AndroidManifest.xml:11:9-41
23        android:networkSecurityConfig="@xml/network_security_config"
23-->src\main\AndroidManifest.xml:12:9-69
24        android:roundIcon="@mipmap/ic_launcher_round"
24-->src\main\AndroidManifest.xml:13:9-54
25        android:supportsRtl="true"
25-->src\main\AndroidManifest.xml:14:9-35
26        android:testOnly="true"
27        android:theme="@style/AppTheme" >
27-->src\main\AndroidManifest.xml:15:9-40
28        <activity android:name="com.example.shopnextdoor.LoginAndRegister.Login" />
28-->src\main\AndroidManifest.xml:16:9-59
28-->src\main\AndroidManifest.xml:16:19-57
29        <activity android:name="com.example.shopnextdoor.Shop.AccountDetailsShop" />
29-->src\main\AndroidManifest.xml:17:9-61
29-->src\main\AndroidManifest.xml:17:19-58
30        <activity android:name="com.example.shopnextdoor.Customer.AccountDetailsCustomer" />
30-->src\main\AndroidManifest.xml:18:9-69
30-->src\main\AndroidManifest.xml:18:19-66
31        <activity android:name="com.example.shopnextdoor.Customer.PastOrdersCustomer" />
31-->src\main\AndroidManifest.xml:19:9-65
31-->src\main\AndroidManifest.xml:19:19-62
32        <activity android:name="com.example.shopnextdoor.Shop.ViewPastOrdersShop" />
32-->src\main\AndroidManifest.xml:20:9-61
32-->src\main\AndroidManifest.xml:20:19-58
33        <activity android:name="com.example.shopnextdoor.Shop.NewOrderRequests" />
33-->src\main\AndroidManifest.xml:21:9-59
33-->src\main\AndroidManifest.xml:21:19-56
34        <activity android:name="com.example.shopnextdoor.Shop.ShopPendingOrders" />
34-->src\main\AndroidManifest.xml:22:9-60
34-->src\main\AndroidManifest.xml:22:19-57
35        <activity android:name="com.example.shopnextdoor.NavigationBar.HomeCustomerNavigation" />
35-->src\main\AndroidManifest.xml:23:9-74
35-->src\main\AndroidManifest.xml:23:19-71
36        <activity android:name="com.example.shopnextdoor.Customer.ViewActiveOrders" />
36-->src\main\AndroidManifest.xml:24:9-63
36-->src\main\AndroidManifest.xml:24:19-60
37        <activity android:name="com.example.shopnextdoor.Customer.OrderPlaced" />
37-->src\main\AndroidManifest.xml:25:9-58
37-->src\main\AndroidManifest.xml:25:19-55
38        <activity android:name="com.example.shopnextdoor.Customer.HomeCustomer" />
38-->src\main\AndroidManifest.xml:26:9-59
38-->src\main\AndroidManifest.xml:26:19-56
39        <activity android:name="com.example.shopnextdoor.LoginAndRegister.VerificationPending" />
39-->src\main\AndroidManifest.xml:27:9-74
39-->src\main\AndroidManifest.xml:27:19-71
40        <activity android:name="com.example.shopnextdoor.Shop.HomeShop" />
40-->src\main\AndroidManifest.xml:28:9-51
40-->src\main\AndroidManifest.xml:28:19-48
41        <activity android:name="com.example.shopnextdoor.LoginAndRegister.ShopRegister" />
41-->src\main\AndroidManifest.xml:29:9-67
41-->src\main\AndroidManifest.xml:29:19-64
42        <activity android:name="com.example.shopnextdoor.LoginAndRegister.ShopLogin" />
42-->src\main\AndroidManifest.xml:30:9-64
42-->src\main\AndroidManifest.xml:30:19-61
43        <activity android:name="com.example.shopnextdoor.LoginAndRegister.Register" />
43-->src\main\AndroidManifest.xml:31:9-63
43-->src\main\AndroidManifest.xml:31:19-60
44        <activity android:name="com.example.shopnextdoor.Customer.PlaceOrder" />
44-->src\main\AndroidManifest.xml:32:9-56
44-->src\main\AndroidManifest.xml:32:19-54
45        <activity android:name="com.example.shopnextdoor.LoginAndRegister.WelcomePage" >
45-->src\main\AndroidManifest.xml:33:9-39:20
45-->src\main\AndroidManifest.xml:33:19-63
46            <intent-filter>
46-->src\main\AndroidManifest.xml:34:13-38:29
47                <action android:name="android.intent.action.MAIN" />
47-->src\main\AndroidManifest.xml:35:17-69
47-->src\main\AndroidManifest.xml:35:25-66
48
49                <category android:name="android.intent.category.LAUNCHER" />
49-->src\main\AndroidManifest.xml:37:17-77
49-->src\main\AndroidManifest.xml:37:27-74
50            </intent-filter>
51        </activity>
52        <!--
53             FirebaseMessagingService performs security checks at runtime,
54             no need for explicit permissions despite exported="true"
55        -->
56        <service
56-->[com.google.firebase:firebase-messaging:17.3.4] AndroidManifest.xml:28:9-34:19
57            android:name="com.google.firebase.messaging.FirebaseMessagingService"
57-->[com.google.firebase:firebase-messaging:17.3.4] AndroidManifest.xml:29:13-82
58            android:exported="true" >
58-->[com.google.firebase:firebase-messaging:17.3.4] AndroidManifest.xml:30:13-36
59            <intent-filter android:priority="-500" >
59-->[com.google.firebase:firebase-messaging:17.3.4] AndroidManifest.xml:31:13-33:29
59-->[com.google.firebase:firebase-messaging:17.3.4] AndroidManifest.xml:31:28-51
60                <action android:name="com.google.firebase.MESSAGING_EVENT" />
60-->[com.google.firebase:firebase-messaging:17.3.4] AndroidManifest.xml:32:17-78
60-->[com.google.firebase:firebase-messaging:17.3.4] AndroidManifest.xml:32:25-75
61            </intent-filter>
62        </service>
63        <service
63-->[com.google.firebase:firebase-iid:17.0.4] AndroidManifest.xml:29:9-35:19
64            android:name="com.google.firebase.components.ComponentDiscoveryService"
64-->[com.google.firebase:firebase-iid:17.0.4] AndroidManifest.xml:30:13-84
65            android:exported="false" >
65-->[com.google.firebase:firebase-iid:17.0.4] AndroidManifest.xml:31:13-37
66            <meta-data
66-->[com.google.firebase:firebase-iid:17.0.4] AndroidManifest.xml:32:13-34:85
67                android:name="com.google.firebase.components:com.google.firebase.iid.Registrar"
67-->[com.google.firebase:firebase-iid:17.0.4] AndroidManifest.xml:33:17-96
68                android:value="com.google.firebase.components.ComponentRegistrar" />
68-->[com.google.firebase:firebase-iid:17.0.4] AndroidManifest.xml:34:17-82
69        </service>
70
71        <receiver
71-->[com.google.firebase:firebase-iid:17.0.4] AndroidManifest.xml:37:9-44:20
72            android:name="com.google.firebase.iid.FirebaseInstanceIdReceiver"
72-->[com.google.firebase:firebase-iid:17.0.4] AndroidManifest.xml:38:13-78
73            android:exported="true"
73-->[com.google.firebase:firebase-iid:17.0.4] AndroidManifest.xml:39:13-36
74            android:permission="com.google.android.c2dm.permission.SEND" >
74-->[com.google.firebase:firebase-iid:17.0.4] AndroidManifest.xml:40:13-73
75            <intent-filter>
75-->[com.google.firebase:firebase-iid:17.0.4] AndroidManifest.xml:41:13-43:29
76                <action android:name="com.google.android.c2dm.intent.RECEIVE" />
76-->[com.google.firebase:firebase-iid:17.0.4] AndroidManifest.xml:42:17-81
76-->[com.google.firebase:firebase-iid:17.0.4] AndroidManifest.xml:42:25-78
77            </intent-filter>
78        </receiver>
79        <!--
80             FirebaseInstanceIdService performs security checks at runtime,
81             no need for explicit permissions despite exported="true"
82        -->
83        <service
83-->[com.google.firebase:firebase-iid:17.0.4] AndroidManifest.xml:50:9-56:19
84            android:name="com.google.firebase.iid.FirebaseInstanceIdService"
84-->[com.google.firebase:firebase-iid:17.0.4] AndroidManifest.xml:51:13-77
85            android:exported="true" >
85-->[com.google.firebase:firebase-iid:17.0.4] AndroidManifest.xml:52:13-36
86            <intent-filter android:priority="-500" >
86-->[com.google.firebase:firebase-iid:17.0.4] AndroidManifest.xml:53:13-55:29
86-->[com.google.firebase:firebase-iid:17.0.4] AndroidManifest.xml:53:28-51
87                <action android:name="com.google.firebase.INSTANCE_ID_EVENT" />
87-->[com.google.firebase:firebase-iid:17.0.4] AndroidManifest.xml:54:17-80
87-->[com.google.firebase:firebase-iid:17.0.4] AndroidManifest.xml:54:25-77
88            </intent-filter>
89        </service>
90
91        <provider
91-->[com.google.firebase:firebase-common:16.0.3] AndroidManifest.xml:10:9-14:39
92            android:name="com.google.firebase.provider.FirebaseInitProvider"
92-->[com.google.firebase:firebase-common:16.0.3] AndroidManifest.xml:11:13-77
93            android:authorities="com.example.shopnextdoor.firebaseinitprovider"
93-->[com.google.firebase:firebase-common:16.0.3] AndroidManifest.xml:12:13-72
94            android:exported="false"
94-->[com.google.firebase:firebase-common:16.0.3] AndroidManifest.xml:13:13-37
95            android:initOrder="100" />
95-->[com.google.firebase:firebase-common:16.0.3] AndroidManifest.xml:14:13-36
96
97        <activity
97-->[com.google.android.gms:play-services-base:16.0.1] AndroidManifest.xml:23:9-26:75
98            android:name="com.google.android.gms.common.api.GoogleApiActivity"
98-->[com.google.android.gms:play-services-base:16.0.1] AndroidManifest.xml:24:13-79
99            android:exported="false"
99-->[com.google.android.gms:play-services-base:16.0.1] AndroidManifest.xml:25:13-37
100            android:theme="@android:style/Theme.Translucent.NoTitleBar" />
100-->[com.google.android.gms:play-services-base:16.0.1] AndroidManifest.xml:26:13-72
101
102        <meta-data
102-->[com.google.android.gms:play-services-basement:16.0.1] AndroidManifest.xml:23:9-25:69
103            android:name="com.google.android.gms.version"
103-->[com.google.android.gms:play-services-basement:16.0.1] AndroidManifest.xml:24:13-58
104            android:value="@integer/google_play_services_version" />
104-->[com.google.android.gms:play-services-basement:16.0.1] AndroidManifest.xml:25:13-66
105
106        <provider
106-->[android.arch.lifecycle:extensions:1.1.1] AndroidManifest.xml:23:9-27:43
107            android:name="android.arch.lifecycle.ProcessLifecycleOwnerInitializer"
107-->[android.arch.lifecycle:extensions:1.1.1] AndroidManifest.xml:24:13-83
108            android:authorities="com.example.shopnextdoor.lifecycle-trojan"
108-->[android.arch.lifecycle:extensions:1.1.1] AndroidManifest.xml:25:13-68
109            android:exported="false"
109-->[android.arch.lifecycle:extensions:1.1.1] AndroidManifest.xml:26:13-37
110            android:multiprocess="true" />
110-->[android.arch.lifecycle:extensions:1.1.1] AndroidManifest.xml:27:13-40
111    </application>
112
113</manifest>